# JRE version: Java(TM) SE Runtime Environment (8.0_25-b17) (build 1.8.0_25-b17)
# Java VM: Java HotSpot(TM) 64-Bit Server VM (25.25-b02 mixed mode bsd-amd64 compressed oops)
Heap:
 PSYoungGen      total 343552K, used 143648K [0x00000007aab00000, 0x00000007c0000000, 0x00000007c0000000)
  eden space 337920K, 41% used [0x00000007aab00000,0x00000007b357c190,0x00000007bf500000)
  from space 5632K, 32% used [0x00000007bfa80000,0x00000007bfc4c070,0x00000007c0000000)
  to   space 5632K, 0% used [0x00000007bf500000,0x00000007bf500000,0x00000007bfa80000)
 ParOldGen       total 48128K, used 39176K [0x0000000780000000, 0x0000000782f00000, 0x00000007aab00000)
  object space 48128K, 81% used [0x0000000780000000,0x0000000782642208,0x0000000782f00000)
 Metaspace       used 41892K, capacity 56329K, committed 56664K, reserved 1091584K
  class space    used 10359K, capacity 15111K, committed 15192K, reserved 1048576K
GC Heap History (10 events):
Event: 191.269 GC heap before
{Heap before GC invocations=20 (full 2):
 PSYoungGen      total 343040K, used 339200K [0x00000007aab00000, 0x00000007c0000000, 0x00000007c0000000)
  eden space 337408K, 100% used [0x00000007aab00000,0x00000007bf480000,0x00000007bf480000)
  from space 5632K, 31% used [0x00000007bf480000,0x00000007bf640000,0x00000007bfa00000)
  to   space 5632K, 0% used [0x00000007bfa80000,0x00000007bfa80000,0x00000007c0000000)
 ParOldGen       total 48128K, used 24544K [0x0000000780000000, 0x0000000782f00000, 0x00000007aab00000)
  object space 48128K, 50% used [0x0000000780000000,0x00000007817f8378,0x0000000782f00000)
 Metaspace       used 31504K, capacity 39195K, committed 39512K, reserved 1079296K
  class space    used 7556K, capacity 10220K, committed 10328K, reserved 1048576K
Event: 191.279 GC heap after
Heap after GC invocations=20 (full 2):
 PSYoungGen      total 342528K, used 4675K [0x00000007aab00000, 0x00000007c0000000, 0x00000007c0000000)
  eden space 336896K, 0% used [0x00000007aab00000,0x00000007aab00000,0x00000007bf400000)
  from space 5632K, 83% used [0x00000007bfa80000,0x00000007bff10cd0,0x00000007c0000000)
  to   space 6144K, 0% used [0x00000007bf400000,0x00000007bf400000,0x00000007bfa00000)
 ParOldGen       total 48128K, used 26217K [0x0000000780000000, 0x0000000782f00000, 0x00000007aab00000)
  object space 48128K, 54% used [0x0000000780000000,0x000000078199a7e0,0x0000000782f00000)
 Metaspace       used 31504K, capacity 39195K, committed 39512K, reserved 1079296K
  class space    used 7556K, capacity 10220K, committed 10328K, reserved 1048576K
}
Event: 193.050 GC heap before
{Heap before GC invocations=21 (full 2):
 PSYoungGen      total 342528K, used 341571K [0x00000007aab00000, 0x00000007c0000000, 0x00000007c0000000)
  eden space 336896K, 100% used [0x00000007aab00000,0x00000007bf400000,0x00000007bf400000)
  from space 5632K, 83% used [0x00000007bfa80000,0x00000007bff10cd0,0x00000007c0000000)
  to   space 6144K, 0% used [0x00000007bf400000,0x00000007bf400000,0x00000007bfa00000)
 ParOldGen       total 48128K, used 26217K [0x0000000780000000, 0x0000000782f00000, 0x00000007aab00000)
  object space 48128K, 54% used [0x0000000780000000,0x000000078199a7e0,0x0000000782f00000)
 Metaspace       used 34520K, capacity 43975K, committed 44248K, reserved 1081344K
  class space    used 8382K, capacity 11616K, committed 11736K, reserved 1048576K
Event: 193.067 GC heap after
Heap after GC invocations=21 (full 2):
 PSYoungGen      total 343040K, used 3056K [0x00000007aab00000, 0x00000007c0000000, 0x00000007c0000000)
  eden space 336896K, 0% used [0x00000007aab00000,0x00000007aab00000,0x00000007bf400000)
  from space 6144K, 49% used [0x00000007bf400000,0x00000007bf6fc020,0x00000007bfa00000)
  to   space 6144K, 0% used [0x00000007bfa00000,0x00000007bfa00000,0x00000007c0000000)
 ParOldGen       total 48128K, used 30705K [0x0000000780000000, 0x0000000782f00000, 0x00000007aab00000)
  object space 48128K, 63% used [0x0000000780000000,0x0000000781dfc698,0x0000000782f00000)
 Metaspace       used 34520K, capacity 43975K, committed 44248K, reserved 1081344K
  class space    used 8382K, capacity 11616K, committed 11736K, reserved 1048576K
}
Event: 196.708 GC heap before
{Heap before GC invocations=22 (full 2):
 PSYoungGen      total 343040K, used 339952K [0x00000007aab00000, 0x00000007c0000000, 0x00000007c0000000)
  eden space 336896K, 100% used [0x00000007aab00000,0x00000007bf400000,0x00000007bf400000)
  from space 6144K, 49% used [0x00000007bf400000,0x00000007bf6fc020,0x00000007bfa00000)
  to   space 6144K, 0% used [0x00000007bfa00000,0x00000007bfa00000,0x00000007c0000000)
 ParOldGen       total 48128K, used 30705K [0x0000000780000000, 0x0000000782f00000, 0x00000007aab00000)
  object space 48128K, 63% used [0x0000000780000000,0x0000000781dfc698,0x0000000782f00000)
 Metaspace       used 38517K, capacity 51273K, committed 51416K, reserved 1087488K
  class space    used 9498K, capacity 13697K, committed 13784K, reserved 1048576K
Event: 196.718 GC heap after
Heap after GC invocations=22 (full 2):
 PSYoungGen      total 342016K, used 3600K [0x00000007aab00000, 0x00000007bff00000, 0x00000007c0000000)
  eden space 336896K, 0% used [0x00000007aab00000,0x00000007aab00000,0x00000007bf400000)
  from space 5120K, 70% used [0x00000007bfa00000,0x00000007bfd84010,0x00000007bff00000)
  to   space 5632K, 0% used [0x00000007bf400000,0x00000007bf400000,0x00000007bf980000)
 ParOldGen       total 48128K, used 33489K [0x0000000780000000, 0x0000000782f00000, 0x00000007aab00000)
  object space 48128K, 69% used [0x0000000780000000,0x00000007820b46a8,0x0000000782f00000)
 Metaspace       used 38517K, capacity 51273K, committed 51416K, reserved 1087488K
  class space    used 9498K, capacity 13697K, committed 13784K, reserved 1048576K
}
Event: 200.211 GC heap before
{Heap before GC invocations=23 (full 2):
 PSYoungGen      total 342016K, used 340496K [0x00000007aab00000, 0x00000007bff00000, 0x00000007c0000000)
  eden space 336896K, 100% used [0x00000007aab00000,0x00000007bf400000,0x00000007bf400000)
  from space 5120K, 70% used [0x00000007bfa00000,0x00000007bfd84010,0x00000007bff00000)
  to   space 5632K, 0% used [0x00000007bf400000,0x00000007bf400000,0x00000007bf980000)
 ParOldGen       total 48128K, used 33489K [0x0000000780000000, 0x0000000782f00000, 0x00000007aab00000)
  object space 48128K, 69% used [0x0000000780000000,0x00000007820b46a8,0x0000000782f00000)
 Metaspace       used 40918K, capacity 54917K, committed 55000K, reserved 1089536K
  class space    used 10171K, capacity 14772K, committed 14808K, reserved 1048576K
Event: 200.221 GC heap after
Heap after GC invocations=23 (full 2):
 PSYoungGen      total 342528K, used 2560K [0x00000007aab00000, 0x00000007c0000000, 0x00000007c0000000)
  eden space 336896K, 0% used [0x00000007aab00000,0x00000007aab00000,0x00000007bf400000)
  from space 5632K, 45% used [0x00000007bf400000,0x00000007bf680020,0x00000007bf980000)
  to   space 5632K, 0% used [0x00000007bfa80000,0x00000007bfa80000,0x00000007c0000000)
 ParOldGen       total 48128K, used 36792K [0x0000000780000000, 0x0000000782f00000, 0x00000007aab00000)
  object space 48128K, 76% used [0x0000000780000000,0x00000007823ee1e8,0x0000000782f00000)
 Metaspace       used 40918K, capacity 54917K, committed 55000K, reserved 1089536K
  class space    used 10171K, capacity 14772K, committed 14808K, reserved 1048576K
}
Event: 357.560 GC heap before
{Heap before GC invocations=24 (full 2):
 PSYoungGen      total 342528K, used 339456K [0x00000007aab00000, 0x00000007c0000000, 0x00000007c0000000)
  eden space 336896K, 100% used [0x00000007aab00000,0x00000007bf400000,0x00000007bf400000)
  from space 5632K, 45% used [0x00000007bf400000,0x00000007bf680020,0x00000007bf980000)
  to   space 5632K, 0% used [0x00000007bfa80000,0x00000007bfa80000,0x00000007c0000000)
 ParOldGen       total 48128K, used 36792K [0x0000000780000000, 0x0000000782f00000, 0x00000007aab00000)
  object space 48128K, 76% used [0x0000000780000000,0x00000007823ee1e8,0x0000000782f00000)
 Metaspace       used 41840K, capacity 56249K, committed 56408K, reserved 1091584K
  class space    used 10355K, capacity 15111K, committed 15192K, reserved 1048576K
Event: 357.568 GC heap after
Heap after GC invocations=24 (full 2):
 PSYoungGen      total 343552K, used 1840K [0x00000007aab00000, 0x00000007c0000000, 0x00000007c0000000)
  eden space 337920K, 0% used [0x00000007aab00000,0x00000007aab00000,0x00000007bf500000)
  from space 5632K, 32% used [0x00000007bfa80000,0x00000007bfc4c070,0x00000007c0000000)
  to   space 5632K, 0% used [0x00000007bf500000,0x00000007bf500000,0x00000007bfa80000)
 ParOldGen       total 48128K, used 39176K [0x0000000780000000, 0x0000000782f00000, 0x00000007aab00000)
  object space 48128K, 81% used [0x0000000780000000,0x0000000782642208,0x0000000782f00000)
 Metaspace       used 41840K, capacity 56249K, committed 56408K, reserved 1091584K
  class space    used 10355K, capacity 15111K, committed 15192K, reserved 1048576K
}

