# JRE version: Java(TM) SE Runtime Environment (8.0_25-b17) (build 1.8.0_25-b17)
# Java VM: Java HotSpot(TM) 64-Bit Server VM (25.25-b02 mixed mode bsd-amd64 compressed oops)
Heap:
 PSYoungGen      total 342528K, used 224645K [0x00000007aab00000, 0x00000007c0000000, 0x00000007c0000000)
  eden space 335872K, 65% used [0x00000007aab00000,0x00000007b82e3440,0x00000007bf300000)
  from space 6656K, 53% used [0x00000007bf300000,0x00000007bf67e2e8,0x00000007bf980000)
  to   space 6656K, 0% used [0x00000007bf980000,0x00000007bf980000,0x00000007c0000000)
 ParOldGen       total 50688K, used 33208K [0x0000000780000000, 0x0000000783180000, 0x00000007aab00000)
  object space 50688K, 65% used [0x0000000780000000,0x000000078206e210,0x0000000783180000)
 Metaspace       used 40624K, capacity 54489K, committed 54744K, reserved 1089536K
  class space    used 10134K, capacity 14704K, committed 14808K, reserved 1048576K
GC Heap History (10 events):
Event: 160.892 GC heap before
{Heap before GC invocations=21 (full 2):
 PSYoungGen      total 344064K, used 338944K [0x00000007aab00000, 0x00000007c0000000, 0x00000007c0000000)
  eden space 338944K, 100% used [0x00000007aab00000,0x00000007bf600000,0x00000007bf600000)
  from space 5120K, 0% used [0x00000007bfb00000,0x00000007bfb00000,0x00000007c0000000)
  to   space 5120K, 0% used [0x00000007bf600000,0x00000007bf600000,0x00000007bfb00000)
 ParOldGen       total 50688K, used 21776K [0x0000000780000000, 0x0000000783180000, 0x00000007aab00000)
  object space 50688K, 42% used [0x0000000780000000,0x0000000781544358,0x0000000783180000)
 Metaspace       used 29783K, capacity 36303K, committed 36568K, reserved 1077248K
  class space    used 7020K, capacity 9336K, committed 9432K, reserved 1048576K
Event: 160.897 GC heap after
Heap after GC invocations=21 (full 2):
 PSYoungGen      total 342016K, used 2637K [0x00000007aab00000, 0x00000007bff00000, 0x00000007c0000000)
  eden space 338944K, 0% used [0x00000007aab00000,0x00000007aab00000,0x00000007bf600000)
  from space 3072K, 85% used [0x00000007bf600000,0x00000007bf893510,0x00000007bf900000)
  to   space 4608K, 0% used [0x00000007bfa80000,0x00000007bfa80000,0x00000007bff00000)
 ParOldGen       total 50688K, used 21784K [0x0000000780000000, 0x0000000783180000, 0x00000007aab00000)
  object space 50688K, 42% used [0x0000000780000000,0x0000000781546358,0x0000000783180000)
 Metaspace       used 29783K, capacity 36303K, committed 36568K, reserved 1077248K
  class space    used 7020K, capacity 9336K, committed 9432K, reserved 1048576K
}
Event: 161.284 GC heap before
{Heap before GC invocations=22 (full 2):
 PSYoungGen      total 342016K, used 341581K [0x00000007aab00000, 0x00000007bff00000, 0x00000007c0000000)
  eden space 338944K, 100% used [0x00000007aab00000,0x00000007bf600000,0x00000007bf600000)
  from space 3072K, 85% used [0x00000007bf600000,0x00000007bf893510,0x00000007bf900000)
  to   space 4608K, 0% used [0x00000007bfa80000,0x00000007bfa80000,0x00000007bff00000)
 ParOldGen       total 50688K, used 21784K [0x0000000780000000, 0x0000000783180000, 0x00000007aab00000)
  object space 50688K, 42% used [0x0000000780000000,0x0000000781546358,0x0000000783180000)
 Metaspace       used 30162K, capacity 36749K, committed 36952K, reserved 1077248K
  class space    used 7125K, capacity 9482K, committed 9560K, reserved 1048576K
Event: 161.290 GC heap after
Heap after GC invocations=22 (full 2):
 PSYoungGen      total 343552K, used 2016K [0x00000007aab00000, 0x00000007c0000000, 0x00000007c0000000)
  eden space 338944K, 0% used [0x00000007aab00000,0x00000007aab00000,0x00000007bf600000)
  from space 4608K, 43% used [0x00000007bfa80000,0x00000007bfc78000,0x00000007bff00000)
  to   space 4608K, 0% used [0x00000007bf600000,0x00000007bf600000,0x00000007bfa80000)
 ParOldGen       total 50688K, used 24127K [0x0000000780000000, 0x0000000783180000, 0x00000007aab00000)
  object space 50688K, 47% used [0x0000000780000000,0x000000078178fc68,0x0000000783180000)
 Metaspace       used 30162K, capacity 36749K, committed 36952K, reserved 1077248K
  class space    used 7125K, capacity 9482K, committed 9560K, reserved 1048576K
}
Event: 162.210 GC heap before
{Heap before GC invocations=23 (full 2):
 PSYoungGen      total 343552K, used 340960K [0x00000007aab00000, 0x00000007c0000000, 0x00000007c0000000)
  eden space 338944K, 100% used [0x00000007aab00000,0x00000007bf600000,0x00000007bf600000)
  from space 4608K, 43% used [0x00000007bfa80000,0x00000007bfc78000,0x00000007bff00000)
  to   space 4608K, 0% used [0x00000007bf600000,0x00000007bf600000,0x00000007bfa80000)
 ParOldGen       total 50688K, used 24127K [0x0000000780000000, 0x0000000783180000, 0x00000007aab00000)
  object space 50688K, 47% used [0x0000000780000000,0x000000078178fc68,0x0000000783180000)
 Metaspace       used 31555K, capacity 39215K, committed 39512K, reserved 1079296K
  class space    used 7564K, capacity 10228K, committed 10328K, reserved 1048576K
Event: 162.219 GC heap after
Heap after GC invocations=23 (full 2):
 PSYoungGen      total 343552K, used 4480K [0x00000007aab00000, 0x00000007c0000000, 0x00000007c0000000)
  eden space 338944K, 0% used [0x00000007aab00000,0x00000007aab00000,0x00000007bf600000)
  from space 4608K, 97% used [0x00000007bf600000,0x00000007bfa60020,0x00000007bfa80000)
  to   space 5120K, 0% used [0x00000007bfb00000,0x00000007bfb00000,0x00000007c0000000)
 ParOldGen       total 50688K, used 26050K [0x0000000780000000, 0x0000000783180000, 0x00000007aab00000)
  object space 50688K, 51% used [0x0000000780000000,0x0000000781970b48,0x0000000783180000)
 Metaspace       used 31555K, capacity 39215K, committed 39512K, reserved 1079296K
  class space    used 7564K, capacity 10228K, committed 10328K, reserved 1048576K
}
Event: 164.052 GC heap before
{Heap before GC invocations=24 (full 2):
 PSYoungGen      total 343552K, used 343424K [0x00000007aab00000, 0x00000007c0000000, 0x00000007c0000000)
  eden space 338944K, 100% used [0x00000007aab00000,0x00000007bf600000,0x00000007bf600000)
  from space 4608K, 97% used [0x00000007bf600000,0x00000007bfa60020,0x00000007bfa80000)
  to   space 5120K, 0% used [0x00000007bfb00000,0x00000007bfb00000,0x00000007c0000000)
 ParOldGen       total 50688K, used 26050K [0x0000000780000000, 0x0000000783180000, 0x00000007aab00000)
  object space 50688K, 51% used [0x0000000780000000,0x0000000781970b48,0x0000000783180000)
 Metaspace       used 34499K, capacity 43945K, committed 44120K, reserved 1081344K
  class space    used 8375K, capacity 11606K, committed 11608K, reserved 1048576K
Event: 164.063 GC heap after
Heap after GC invocations=24 (full 2):
 PSYoungGen      total 340992K, used 5104K [0x00000007aab00000, 0x00000007c0000000, 0x00000007c0000000)
  eden space 335872K, 0% used [0x00000007aab00000,0x00000007aab00000,0x00000007bf300000)
  from space 5120K, 99% used [0x00000007bfb00000,0x00000007bfffc020,0x00000007c0000000)
  to   space 6656K, 0% used [0x00000007bf300000,0x00000007bf300000,0x00000007bf980000)
 ParOldGen       total 50688K, used 28088K [0x0000000780000000, 0x0000000783180000, 0x00000007aab00000)
  object space 50688K, 55% used [0x0000000780000000,0x0000000781b6e200,0x0000000783180000)
 Metaspace       used 34499K, capacity 43945K, committed 44120K, reserved 1081344K
  class space    used 8375K, capacity 11606K, committed 11608K, reserved 1048576K
}
Event: 167.984 GC heap before
{Heap before GC invocations=25 (full 2):
 PSYoungGen      total 340992K, used 340976K [0x00000007aab00000, 0x00000007c0000000, 0x00000007c0000000)
  eden space 335872K, 100% used [0x00000007aab00000,0x00000007bf300000,0x00000007bf300000)
  from space 5120K, 99% used [0x00000007bfb00000,0x00000007bfffc020,0x00000007c0000000)
  to   space 6656K, 0% used [0x00000007bf300000,0x00000007bf300000,0x00000007bf980000)
 ParOldGen       total 50688K, used 28088K [0x0000000780000000, 0x0000000783180000, 0x00000007aab00000)
  object space 50688K, 55% used [0x0000000780000000,0x0000000781b6e200,0x0000000783180000)
 Metaspace       used 38503K, capacity 51251K, committed 51416K, reserved 1087488K
  class space    used 9488K, capacity 13687K, committed 13784K, reserved 1048576K
Event: 167.998 GC heap after
Heap after GC invocations=25 (full 2):
 PSYoungGen      total 342528K, used 3576K [0x00000007aab00000, 0x00000007c0000000, 0x00000007c0000000)
  eden space 335872K, 0% used [0x00000007aab00000,0x00000007aab00000,0x00000007bf300000)
  from space 6656K, 53% used [0x00000007bf300000,0x00000007bf67e2e8,0x00000007bf980000)
  to   space 6656K, 0% used [0x00000007bf980000,0x00000007bf980000,0x00000007c0000000)
 ParOldGen       total 50688K, used 33208K [0x0000000780000000, 0x0000000783180000, 0x00000007aab00000)
  object space 50688K, 65% used [0x0000000780000000,0x000000078206e210,0x0000000783180000)
 Metaspace       used 38503K, capacity 51251K, committed 51416K, reserved 1087488K
  class space    used 9488K, capacity 13687K, committed 13784K, reserved 1048576K
}

